2020-12-21 13:13:47.527 [main] DEBUG com.crm.qa.baseClasses.TestBase - The expected title matched with the actual title
2020-12-21 13:13:47.534 [main] DEBUG com.crm.qa.baseClasses.TestBase - Checking in the element is visible-->By.xpath: //div[@class='rd-navbar-brand']/a[@title='free crm home']
2020-12-21 13:13:47.534 [main] DEBUG com.crm.qa.baseClasses.TestBase - ....Getting elements: By.xpath: //div[@class='rd-navbar-brand']/a[@title='free crm home']...............
2020-12-21 13:13:47.657 [main] DEBUG com.crm.qa.baseClasses.TestBase - ........Element: By.xpath: //div[@class='rd-navbar-brand']/a[@title='free crm home'] is not displayed........
2020-12-21 13:13:47.658 [main] DEBUG com.crm.qa.baseClasses.TestBase - Crm Logo is displayed correctly on the Login Page
2020-12-21 13:13:47.658 [main] DEBUG com.crm.qa.baseClasses.TestBase - ....Trying to click on element By.xpath: //span[text()='Log In']
2020-12-21 13:13:47.862 [main] DEBUG com.crm.qa.baseClasses.TestBase - .......Getting Element......By.xpath: //span[text()='Log In']
2020-12-21 13:13:50.313 [main] DEBUG com.crm.qa.baseClasses.TestBase - Trying to type :ajeyo.bhattacharya@yahoo.com in element:By.xpath: //input[@type='text' and @name='email']
2020-12-21 13:13:50.313 [main] DEBUG com.crm.qa.baseClasses.TestBase - .......Getting Element......By.xpath: //input[@type='text' and @name='email']
2020-12-21 13:13:50.725 [main] DEBUG com.crm.qa.baseClasses.TestBase - Trying to type :Diadia@01 in element:By.xpath: //input[@type='password' and @name='password']
2020-12-21 13:13:50.725 [main] DEBUG com.crm.qa.baseClasses.TestBase - .......Getting Element......By.xpath: //input[@type='password' and @name='password']
2020-12-21 13:13:51.027 [main] DEBUG com.crm.qa.baseClasses.TestBase - ....Trying to click on element By.xpath: //div[text()='Login']
2020-12-21 13:13:51.100 [main] DEBUG com.crm.qa.baseClasses.TestBase - .......Getting Element......By.xpath: //div[text()='Login']
2020-12-21 13:13:51.270 [main] DEBUG com.crm.qa.baseClasses.TestBase - Checking in the element is visible-->By.xpath: //a/i[@class='home icon']
2020-12-21 13:13:51.270 [main] DEBUG com.crm.qa.baseClasses.TestBase - ....Getting elements: By.xpath: //a/i[@class='home icon']...............
2020-12-21 13:13:52.375 [main] DEBUG com.crm.qa.baseClasses.TestBase - ........Element: By.xpath: //a/i[@class='home icon'] is not displayed........
2020-12-21 13:13:52.375 [main] DEBUG com.crm.qa.baseClasses.TestBase - Home Icon is displayed successfully
2020-12-21 13:13:52.377 [main] DEBUG com.crm.qa.baseClasses.TestBase - ....Trying to click on element By.xpath: //a/i[@class='users icon']
2020-12-21 13:13:52.478 [main] DEBUG com.crm.qa.baseClasses.TestBase - .......Getting Element......By.xpath: //a/i[@class='users icon']
2020-12-21 13:13:53.616 [main] DEBUG com.crm.qa.baseClasses.TestBase - .......Getting Element......By.xpath: //a/i[@class='users icon']
2020-12-21 13:13:53.879 [main] DEBUG com.crm.qa.baseClasses.TestBase - ....Trying to click on element By.xpath: //button[text()='New']
2020-12-21 13:13:53.945 [main] DEBUG com.crm.qa.baseClasses.TestBase - .......Getting Element......By.xpath: //button[text()='New']
2020-12-21 13:13:54.657 [main] DEBUG com.crm.qa.baseClasses.TestBase - Trying to type :Tom in element:By.xpath: //input[@name='first_name']
2020-12-21 13:13:54.657 [main] DEBUG com.crm.qa.baseClasses.TestBase - .......Getting Element......By.xpath: //input[@name='first_name']
2020-12-21 13:13:55.352 [main] DEBUG com.crm.qa.baseClasses.TestBase - Trying to type :Wilson in element:By.xpath: //input[@name='last_name']
2020-12-21 13:13:55.352 [main] DEBUG com.crm.qa.baseClasses.TestBase - .......Getting Element......By.xpath: //input[@name='last_name']
2020-12-21 13:13:55.976 [main] DEBUG com.crm.qa.baseClasses.TestBase - ....Trying to click on element By.xpath: //div[@name='category' and @role='listbox']/i
2020-12-21 13:13:56.019 [main] DEBUG com.crm.qa.baseClasses.TestBase - .......Getting Element......By.xpath: //div[@name='category' and @role='listbox']/i
2020-12-21 13:13:56.118 [main] DEBUG com.crm.qa.baseClasses.TestBase - ....Trying to click on element By.xpath: //div[@name='category' and @role='option']/span[text()='Customer']
2020-12-21 13:13:56.205 [main] DEBUG com.crm.qa.baseClasses.TestBase - .......Getting Element......By.xpath: //div[@name='category' and @role='option']/span[text()='Customer']
2020-12-21 13:13:56.539 [main] DEBUG com.crm.qa.baseClasses.TestBase - ....Trying to click on element By.xpath: //div[@name='status' and @role='listbox']
2020-12-21 13:13:56.609 [main] DEBUG com.crm.qa.baseClasses.TestBase - .......Getting Element......By.xpath: //div[@name='status' and @role='listbox']
2020-12-21 13:13:56.742 [main] DEBUG com.crm.qa.baseClasses.TestBase - ....Trying to click on element By.xpath: //div[@name='status' and @role='option']/span[.='New']
2020-12-21 13:13:56.831 [main] DEBUG com.crm.qa.baseClasses.TestBase - .......Getting Element......By.xpath: //div[@name='status' and @role='option']/span[.='New']
2020-12-21 13:13:57.087 [main] DEBUG com.crm.qa.baseClasses.TestBase - Trying to type :testing -adding Newcustomer1 in element:By.xpath: //textarea[@name='description']
2020-12-21 13:13:57.088 [main] DEBUG com.crm.qa.baseClasses.TestBase - .......Getting Element......By.xpath: //textarea[@name='description']
2020-12-21 13:13:58.915 [main] DEBUG com.crm.qa.baseClasses.TestBase - ....Trying to click on element By.xpath: //button[text()='Save']
2020-12-21 13:13:58.989 [main] DEBUG com.crm.qa.baseClasses.TestBase - .......Getting Element......By.xpath: //button[text()='Save']
2020-12-21 13:13:59.255 [main] DEBUG com.crm.qa.baseClasses.TestBase - .......Getting Element......By.xpath: //i[@class='large user red icon']
2020-12-21 13:14:00.397 [main] DEBUG com.crm.qa.baseClasses.TestBase - ......Trying to get text from element: By.xpath: //*[@id='dashboard-toolbar']/div[contains(@class,'ui header item')]
2020-12-21 13:14:00.398 [main] DEBUG com.crm.qa.baseClasses.TestBase - .......Getting Element......By.xpath: //*[@id='dashboard-toolbar']/div[contains(@class,'ui header item')]
2020-12-21 13:14:00.511 [main] DEBUG com.crm.qa.baseClasses.TestBase - Name of the new contact is Tom Wilson
2020-12-21 13:14:13.971 [main] DEBUG com.crm.qa.baseClasses.TestBase - The expected title matched with the actual title
2020-12-21 13:14:13.971 [main] DEBUG com.crm.qa.baseClasses.TestBase - Checking in the element is visible-->By.xpath: //div[@class='rd-navbar-brand']/a[@title='free crm home']
2020-12-21 13:14:13.971 [main] DEBUG com.crm.qa.baseClasses.TestBase - ....Getting elements: By.xpath: //div[@class='rd-navbar-brand']/a[@title='free crm home']...............
2020-12-21 13:14:14.035 [main] DEBUG com.crm.qa.baseClasses.TestBase - ........Element: By.xpath: //div[@class='rd-navbar-brand']/a[@title='free crm home'] is not displayed........
2020-12-21 13:14:14.035 [main] DEBUG com.crm.qa.baseClasses.TestBase - Crm Logo is displayed correctly on the Login Page
2020-12-21 13:14:14.035 [main] DEBUG com.crm.qa.baseClasses.TestBase - ....Trying to click on element By.xpath: //span[text()='Log In']
2020-12-21 13:14:14.078 [main] DEBUG com.crm.qa.baseClasses.TestBase - .......Getting Element......By.xpath: //span[text()='Log In']
2020-12-21 13:14:19.050 [main] DEBUG com.crm.qa.baseClasses.TestBase - Trying to type :ajeyo.bhattacharya@yahoo.com in element:By.xpath: //input[@type='text' and @name='email']
2020-12-21 13:14:19.051 [main] DEBUG com.crm.qa.baseClasses.TestBase - .......Getting Element......By.xpath: //input[@type='text' and @name='email']
2020-12-21 13:14:19.789 [main] DEBUG com.crm.qa.baseClasses.TestBase - Trying to type :Diadia@01 in element:By.xpath: //input[@type='password' and @name='password']
2020-12-21 13:14:19.790 [main] DEBUG com.crm.qa.baseClasses.TestBase - .......Getting Element......By.xpath: //input[@type='password' and @name='password']
2020-12-21 13:14:20.111 [main] DEBUG com.crm.qa.baseClasses.TestBase - ....Trying to click on element By.xpath: //div[text()='Login']
2020-12-21 13:14:20.155 [main] DEBUG com.crm.qa.baseClasses.TestBase - .......Getting Element......By.xpath: //div[text()='Login']
2020-12-21 13:14:20.307 [main] DEBUG com.crm.qa.baseClasses.TestBase - Checking in the element is visible-->By.xpath: //a/i[@class='home icon']
2020-12-21 13:14:20.308 [main] DEBUG com.crm.qa.baseClasses.TestBase - ....Getting elements: By.xpath: //a/i[@class='home icon']...............
2020-12-21 13:14:21.759 [main] DEBUG com.crm.qa.baseClasses.TestBase - ........Element: By.xpath: //a/i[@class='home icon'] is not displayed........
2020-12-21 13:14:21.759 [main] DEBUG com.crm.qa.baseClasses.TestBase - Home Icon is displayed successfully
2020-12-21 13:14:21.759 [main] DEBUG com.crm.qa.baseClasses.TestBase - ....Trying to click on element By.xpath: //a/i[@class='users icon']
2020-12-21 13:14:21.809 [main] DEBUG com.crm.qa.baseClasses.TestBase - .......Getting Element......By.xpath: //a/i[@class='users icon']
2020-12-21 13:14:22.944 [main] DEBUG com.crm.qa.baseClasses.TestBase - .......Getting Element......By.xpath: //a/i[@class='users icon']
2020-12-21 13:14:23.011 [main] DEBUG com.crm.qa.baseClasses.TestBase - ....Trying to click on element By.xpath: //button[text()='New']
2020-12-21 13:14:23.061 [main] DEBUG com.crm.qa.baseClasses.TestBase - .......Getting Element......By.xpath: //button[text()='New']
2020-12-21 13:14:23.790 [main] DEBUG com.crm.qa.baseClasses.TestBase - Trying to type :Harry in element:By.xpath: //input[@name='first_name']
2020-12-21 13:14:23.790 [main] DEBUG com.crm.qa.baseClasses.TestBase - .......Getting Element......By.xpath: //input[@name='first_name']
2020-12-21 13:14:37.742 [main] DEBUG com.crm.qa.baseClasses.TestBase - Trying to type :Teeter in element:By.xpath: //input[@name='last_name']
2020-12-21 13:14:37.742 [main] DEBUG com.crm.qa.baseClasses.TestBase - .......Getting Element......By.xpath: //input[@name='last_name']
2020-12-21 13:14:38.488 [main] DEBUG com.crm.qa.baseClasses.TestBase - ....Trying to click on element By.xpath: //div[@name='category' and @role='listbox']/i
2020-12-21 13:14:38.547 [main] DEBUG com.crm.qa.baseClasses.TestBase - .......Getting Element......By.xpath: //div[@name='category' and @role='listbox']/i
2020-12-21 13:14:38.814 [main] DEBUG com.crm.qa.baseClasses.TestBase - ....Trying to click on element By.xpath: //div[@name='category' and @role='option']/span[text()='Customer']
2020-12-21 13:14:38.864 [main] DEBUG com.crm.qa.baseClasses.TestBase - .......Getting Element......By.xpath: //div[@name='category' and @role='option']/span[text()='Customer']
2020-12-21 13:14:39.366 [main] DEBUG com.crm.qa.baseClasses.TestBase - ....Trying to click on element By.xpath: //div[@name='status' and @role='listbox']
2020-12-21 13:14:39.445 [main] DEBUG com.crm.qa.baseClasses.TestBase - .......Getting Element......By.xpath: //div[@name='status' and @role='listbox']
2020-12-21 13:14:39.582 [main] DEBUG com.crm.qa.baseClasses.TestBase - ....Trying to click on element By.xpath: //div[@name='status' and @role='option']/span[.='New']
2020-12-21 13:14:39.709 [main] DEBUG com.crm.qa.baseClasses.TestBase - .......Getting Element......By.xpath: //div[@name='status' and @role='option']/span[.='New']
2020-12-21 13:14:40.033 [main] DEBUG com.crm.qa.baseClasses.TestBase - Trying to type :testing -adding Newcustomer2 in element:By.xpath: //textarea[@name='description']
2020-12-21 13:14:40.033 [main] DEBUG com.crm.qa.baseClasses.TestBase - .......Getting Element......By.xpath: //textarea[@name='description']
2020-12-21 13:14:41.888 [main] DEBUG com.crm.qa.baseClasses.TestBase - ....Trying to click on element By.xpath: //button[text()='Save']
2020-12-21 13:14:42.012 [main] DEBUG com.crm.qa.baseClasses.TestBase - .......Getting Element......By.xpath: //button[text()='Save']
2020-12-21 13:14:42.280 [main] DEBUG com.crm.qa.baseClasses.TestBase - .......Getting Element......By.xpath: //i[@class='large user red icon']
2020-12-21 13:14:43.242 [main] DEBUG com.crm.qa.baseClasses.TestBase - ......Trying to get text from element: By.xpath: //*[@id='dashboard-toolbar']/div[contains(@class,'ui header item')]
2020-12-21 13:14:43.243 [main] DEBUG com.crm.qa.baseClasses.TestBase - .......Getting Element......By.xpath: //*[@id='dashboard-toolbar']/div[contains(@class,'ui header item')]
2020-12-21 13:14:43.331 [main] DEBUG com.crm.qa.baseClasses.TestBase - Name of the new contact is Harry Teeter
2020-12-21 13:14:44.146 [main] DEBUG com.crm.qa.baseClasses.TestBase - .........Quiting the Browser............
